<?xml version="1.0" encoding="UTF-8"?>
<testng-results ignored="0" total="1" passed="1" failed="0" skipped="0">
  <reporter-output>
  </reporter-output>
  <suite started-at="2022-09-04T18:22:24 ART" name="Default suite" finished-at="2022-09-04T18:22:31 ART" duration-ms="6218">
    <groups>
    </groups>
    <test started-at="2022-09-04T18:22:24 ART" name="Default test" finished-at="2022-09-04T18:22:31 ART" duration-ms="6218">
      <class name="WikiTest">
        <test-method signature="ValidarBusquedaWikipedia()[pri:0, instance:WikiTest@158d2680]" started-at="2022-09-04T18:22:24 ART" name="ValidarBusquedaWikipedia" description="Validar que las busquedas en Wikipedia funcionan" finished-at="2022-09-04T18:22:30 ART" duration-ms="6171" status="PASS">
          <reporter-output>
          </reporter-output>
        </test-method> <!-- ValidarBusquedaWikipedia -->
      </class> <!-- WikiTest -->
    </test> <!-- Default test -->
  </suite> <!-- Default suite -->
</testng-results>
